{"/home/vladislav/SecondProd/frontend-project-lvl2/src/index.js": {"path":"/home/vladislav/SecondProd/frontend-project-lvl2/src/index.js","statementMap":{"0":{"start":{"line":6,"column":16},"end":{"line":31,"column":1}},"1":{"start":{"line":7,"column":16},"end":{"line":7,"column":53}},"2":{"start":{"line":8,"column":16},"end":{"line":8,"column":53}},"3":{"start":{"line":10,"column":16},"end":{"line":10,"column":41}},"4":{"start":{"line":11,"column":16},"end":{"line":11,"column":41}},"5":{"start":{"line":13,"column":15},"end":{"line":13,"column":34}},"6":{"start":{"line":14,"column":15},"end":{"line":14,"column":34}},"7":{"start":{"line":16,"column":15},"end":{"line":16,"column":65}},"8":{"start":{"line":18,"column":17},"end":{"line":29,"column":15}},"9":{"start":{"line":19,"column":4},"end":{"line":21,"column":5}},"10":{"start":{"line":20,"column":6},"end":{"line":20,"column":41}},"11":{"start":{"line":22,"column":4},"end":{"line":24,"column":5}},"12":{"start":{"line":23,"column":6},"end":{"line":23,"column":41}},"13":{"start":{"line":25,"column":4},"end":{"line":27,"column":5}},"14":{"start":{"line":26,"column":6},"end":{"line":26,"column":66}},"15":{"start":{"line":28,"column":4},"end":{"line":28,"column":39}},"16":{"start":{"line":30,"column":2},"end":{"line":30,"column":27}}},"fnMap":{"0":{"name":"(anonymous_0)","decl":{"start":{"line":6,"column":16},"end":{"line":6,"column":17}},"loc":{"start":{"line":6,"column":46},"end":{"line":31,"column":1}},"line":6},"1":{"name":"(anonymous_1)","decl":{"start":{"line":18,"column":26},"end":{"line":18,"column":27}},"loc":{"start":{"line":18,"column":35},"end":{"line":29,"column":3}},"line":18}},"branchMap":{"0":{"loc":{"start":{"line":19,"column":4},"end":{"line":21,"column":5}},"type":"if","locations":[{"start":{"line":19,"column":4},"end":{"line":21,"column":5}},{"start":{"line":19,"column":4},"end":{"line":21,"column":5}}],"line":19},"1":{"loc":{"start":{"line":22,"column":4},"end":{"line":24,"column":5}},"type":"if","locations":[{"start":{"line":22,"column":4},"end":{"line":24,"column":5}},{"start":{"line":22,"column":4},"end":{"line":24,"column":5}}],"line":22},"2":{"loc":{"start":{"line":25,"column":4},"end":{"line":27,"column":5}},"type":"if","locations":[{"start":{"line":25,"column":4},"end":{"line":27,"column":5}},{"start":{"line":25,"column":4},"end":{"line":27,"column":5}}],"line":25}},"s":{"0":1,"1":2,"2":2,"3":2,"4":2,"5":2,"6":2,"7":2,"8":2,"9":10,"10":4,"11":6,"12":2,"13":4,"14":2,"15":2,"16":2},"f":{"0":2,"1":10},"b":{"0":[4,6],"1":[2,4],"2":[2,2]},"_coverageSchema":"43e27e138ebf9cfc5966b082cf9a028302ed4184","hash":"05b4777a2680137f996012d1af63130c1fec412a"}
,"/home/vladislav/SecondProd/frontend-project-lvl2/src/parsers.js": {"path":"/home/vladislav/SecondProd/frontend-project-lvl2/src/parsers.js","statementMap":{"0":{"start":{"line":3,"column":16},"end":{"line":6,"column":1}},"1":{"start":{"line":4,"column":21},"end":{"line":4,"column":37}},"2":{"start":{"line":5,"column":21},"end":{"line":5,"column":40}},"3":{"start":{"line":8,"column":14},"end":{"line":8,"column":49}},"4":{"start":{"line":8,"column":30},"end":{"line":8,"column":49}}},"fnMap":{"0":{"name":"(anonymous_0)","decl":{"start":{"line":4,"column":11},"end":{"line":4,"column":12}},"loc":{"start":{"line":4,"column":21},"end":{"line":4,"column":37}},"line":4},"1":{"name":"(anonymous_1)","decl":{"start":{"line":5,"column":11},"end":{"line":5,"column":12}},"loc":{"start":{"line":5,"column":21},"end":{"line":5,"column":40}},"line":5},"2":{"name":"(anonymous_2)","decl":{"start":{"line":8,"column":14},"end":{"line":8,"column":15}},"loc":{"start":{"line":8,"column":30},"end":{"line":8,"column":49}},"line":8}},"branchMap":{},"s":{"0":1,"1":2,"2":2,"3":1,"4":4},"f":{"0":2,"1":2,"2":4},"b":{},"_coverageSchema":"43e27e138ebf9cfc5966b082cf9a028302ed4184","hash":"30494e8e7756fd7e9224811b7fdf081751864824"}
}
