TN:
SF:/home/vladislav/SecondProd/frontend-project-lvl2/src/index.js
FN:6,(anonymous_0)
FN:18,(anonymous_1)
FNF:2
FNH:2
FNDA:2,(anonymous_0)
FNDA:10,(anonymous_1)
DA:6,1
DA:7,2
DA:8,2
DA:10,2
DA:11,2
DA:13,2
DA:14,2
DA:16,2
DA:18,2
DA:19,10
DA:20,4
DA:22,6
DA:23,2
DA:25,4
DA:26,2
DA:28,2
DA:30,2
LF:17
LH:17
BRDA:19,0,0,4
BRDA:19,0,1,6
BRDA:22,1,0,2
BRDA:22,1,1,4
BRDA:25,2,0,2
BRDA:25,2,1,2
BRF:6
BRH:6
end_of_record
TN:
SF:/home/vladislav/SecondProd/frontend-project-lvl2/src/parsers.js
FN:4,(anonymous_0)
FN:5,(anonymous_1)
FN:8,(anonymous_2)
FNF:3
FNH:3
FNDA:2,(anonymous_0)
FNDA:2,(anonymous_1)
FNDA:4,(anonymous_2)
DA:3,1
DA:4,2
DA:5,2
DA:8,4
LF:4
LH:4
BRF:0
BRH:0
end_of_record
